<?xml version="1.0" encoding="UTF-8"?>
<!-- Generated by org.testng.reporters.JUnitReportReporter -->
<testsuite hostname="DESKTOP-JUVN070" failures="0" tests="1" name="com.hybrid_framework.testcases.TC_LOGIN_001" time="3.362" errors="0" timestamp="2024-03-20T10:33:52 CDT" skipped="0">
  <testcase classname="com.hybrid_framework.testcases.TC_LOGIN_001" name="loginTest" time="3.362"/>
</testsuite> <!-- com.hybrid_framework.testcases.TC_LOGIN_001 -->
